Image grid saved to output_image_grid_s008.png

------------------------------------------------------------
Sender: LSF System <lsfadmin@hpc.dtu.dk>
Subject: Job 23131289: <display_images> in cluster <dcc> Done

Job <display_images> was submitted from host <n-62-12-19> by user <s242781> in cluster <dcc> at Mon Nov 11 16:13:06 2024
Job was executed on host(s) <n-62-11-62>, in queue <hpc>, as user <s242781> in cluster <dcc> at Mon Nov 11 16:13:07 2024
</zhome/f6/9/213532> was used as the home directory.
</zhome/f6/9/213532/multiview-seg-dtu> was used as the working directory.
Started at Mon Nov 11 16:13:07 2024
Terminated at Mon Nov 11 16:13:14 2024
Results reported at Mon Nov 11 16:13:14 2024

Your job looked like:

------------------------------------------------------------
# LSBATCH: User input
#!/bin/bash
#BSUB -J display_images          # Job name
#BSUB -n 1                       # Number of cores

# Remove old output files if they exist
# rm -f display_images.out display_images.err

# Run the Python script
python3 display.py --sample-number 8

------------------------------------------------------------

Successfully completed.

Resource usage summary:

    CPU time :                                   6.24 sec.
    Max Memory :                                 -
    Average Memory :                             -
    Total Requested Memory :                     1024.00 MB
    Delta Memory :                               -
    Max Swap :                                   -
    Max Processes :                              -
    Max Threads :                                -
    Run time :                                   7 sec.
    Turnaround time :                            8 sec.

The output (if any) is above this job summary.

