
------------------------------------------------------------
Sender: LSF System <lsfadmin@hpc.dtu.dk>
Subject: Job 23454217: <train_seg_model> in cluster <dcc> Exited

Job <train_seg_model> was submitted from host <n-62-12-19> by user <s243345> in cluster <dcc> at Tue Dec 17 21:07:10 2024
Job was executed on host(s) <4*n-62-20-3>, in queue <gpuv100>, as user <s243345> in cluster <dcc> at Tue Dec 17 21:10:50 2024
</zhome/44/2/213836> was used as the home directory.
</zhome/44/2/213836/02456/multiview-seg-dtu> was used as the working directory.
Started at Tue Dec 17 21:10:50 2024
Terminated at Tue Dec 17 21:10:53 2024
Results reported at Tue Dec 17 21:10:53 2024

Your job looked like:

------------------------------------------------------------
# LSBATCH: User input
#!/bin/bash
#BSUB -q gpuv100
#BSUB -J train_seg_model         # Job name
#BSUB -n 4                       # Number of cores
#BSUB -W 14:00                   # Wall-clock time (14 hours here)
#BSUB -R "rusage[mem=8GB]"       # Memory requirements (8 GB here)
#BSUB -gpu "num=1:mode=exclusive_process"
#BSUB -o train_seg_model_%J.out  # Standard output file
#BSUB -e train_seg_model_%J.err  # Standard error file

# Activate the environment
# source /zhome/44/2/213836/myenv/bin/activate
source /zhome/2b/8/212341/multiview-seg-dtu/.venv/bin/activate

# Run the Python script
#python3 train.py --num_epochs 20 --model_name "UNet" --channels 1
#python3 train.py --num_epochs 20 --model_name "UNet" --channels 1 6
#python3 train.py --num_epochs 20 --model_name "UNet" --channels 1 6 3 4 8
#python3 train.py --num_epochs 20 --model_name "UNet" --channels 1 6 3 4 8 2 0
#python3 train.py --num_epochs 20 --model_name "UNet" --train_percentage 0.2
#python3 train.py --num_epochs 20 --model_name "UNet" --train_percentage 0.4
#python3 train.py --num_epochs 20 --model_name "UNet" --train_percentage 0.6
#python3 train.py --num_epochs 20 --model_name "UNet" --train_percentage 0.8
python3 train.py --num_epochs 20 --model_name "UNet" --fft True
python3 train.py --num_epochs 20 --model_name "UNet" --augmentation True
python3 train.py --num_epochs 20 --model_name "UNet" --fft True --augmentation True

------------------------------------------------------------

Exited with exit code 1.

Resource usage summary:

    CPU time :                                   0.74 sec.
    Max Memory :                                 -
    Average Memory :                             -
    Total Requested Memory :                     32768.00 MB
    Delta Memory :                               -
    Max Swap :                                   -
    Max Processes :                              -
    Max Threads :                                -
    Run time :                                   3 sec.
    Turnaround time :                            223 sec.

The output (if any) is above this job summary.



PS:

Read file <train_seg_model_23454217.err> for stderr output of this job.

