Number of images in the trainset: 889
Number of images in the valset: 223
Number of images in the testset: 50
Using device: cuda
Epoch [1/20]
Train Loss: 0.5143, Train Dice Score: 0.0589
Val Loss: 0.5382, Val Dice Score: 0.0001
Epoch [2/20]
Train Loss: 0.3597, Train Dice Score: 0.3334
Val Loss: 2.1603, Val Dice Score: 0.2199
Epoch [3/20]
Train Loss: 0.2984, Train Dice Score: 0.4878
Val Loss: 0.4057, Val Dice Score: 0.3489
Epoch [4/20]
Train Loss: 0.2693, Train Dice Score: 0.5289
Val Loss: 6.8673, Val Dice Score: 0.2203
Epoch [5/20]
Train Loss: 0.2456, Train Dice Score: 0.5623
Val Loss: 1.2027, Val Dice Score: 0.2252
Epoch [6/20]
Train Loss: 0.2256, Train Dice Score: 0.6064
Val Loss: 0.3570, Val Dice Score: 0.0377
Epoch [7/20]
Train Loss: 0.2165, Train Dice Score: 0.6110
Val Loss: 1.3522, Val Dice Score: 0.2231
Epoch [8/20]
Train Loss: 0.2051, Train Dice Score: 0.6331
Val Loss: 11.5262, Val Dice Score: 0.2201
Epoch [9/20]
Train Loss: 0.2082, Train Dice Score: 0.6225
Val Loss: 3.5770, Val Dice Score: 0.2214
Epoch [10/20]
Train Loss: 0.2056, Train Dice Score: 0.6386
Val Loss: 0.8367, Val Dice Score: 0.0009
Epoch [11/20]
Train Loss: 0.2083, Train Dice Score: 0.6312
Val Loss: 9.1176, Val Dice Score: 0.2199
Epoch [12/20]
Train Loss: 0.1958, Train Dice Score: 0.6630
Val Loss: 0.4075, Val Dice Score: 0.3518
Epoch [13/20]
Train Loss: 0.1848, Train Dice Score: 0.6777
Val Loss: 0.3300, Val Dice Score: 0.0728
Epoch [14/20]
Train Loss: 0.1801, Train Dice Score: 0.6854
Val Loss: 0.3441, Val Dice Score: 0.4909
Epoch [15/20]
Train Loss: 0.1853, Train Dice Score: 0.6781
Val Loss: 0.3747, Val Dice Score: 0.1581
Epoch [16/20]
Train Loss: 0.1815, Train Dice Score: 0.6907
Val Loss: 0.5206, Val Dice Score: 0.4242
Epoch [17/20]
Train Loss: 0.1722, Train Dice Score: 0.7085
Val Loss: 0.2812, Val Dice Score: 0.3515
Epoch [18/20]
Train Loss: 0.1678, Train Dice Score: 0.7161
Val Loss: 2.0373, Val Dice Score: 0.2241
Epoch [19/20]
Train Loss: 0.1718, Train Dice Score: 0.7049
Val Loss: 0.3955, Val Dice Score: 0.2930
Epoch [20/20]
Train Loss: 0.1622, Train Dice Score: 0.7283
Val Loss: 5.5144, Val Dice Score: 0.2204
Model saved successfully to /zhome/44/2/213836/02456/multiview-seg-dtu/final_models/segmentation_model_UNet_train100%_channels0_1_2_3_4_5_6_7_8_9_10__fft.pth
