Number of images in the trainset: 889
Number of images in the valset: 223
Number of images in the testset: 50
Using device: cuda
Epoch [1/20]
Train Loss: 0.4042, Train Dice Score: 0.1260
Val Loss: 0.4400, Val Dice Score: 0.0003
Epoch [2/20]
Train Loss: 0.2998, Train Dice Score: 0.4107
Val Loss: 0.3631, Val Dice Score: 0.1176
Epoch [3/20]
Train Loss: 0.2583, Train Dice Score: 0.5318
Val Loss: 0.3674, Val Dice Score: 0.4303
Epoch [4/20]
Train Loss: 0.2360, Train Dice Score: 0.5800
Val Loss: 0.9168, Val Dice Score: 0.2648
Epoch [5/20]
Train Loss: 0.2230, Train Dice Score: 0.5999
Val Loss: 0.2642, Val Dice Score: 0.4727
Epoch [6/20]
Train Loss: 0.2317, Train Dice Score: 0.5710
Val Loss: 0.2499, Val Dice Score: 0.5734
Epoch [7/20]
Train Loss: 0.2210, Train Dice Score: 0.5924
Val Loss: 0.3026, Val Dice Score: 0.5446
Epoch [8/20]
Train Loss: 0.2149, Train Dice Score: 0.6101
Val Loss: 0.2447, Val Dice Score: 0.5298
Epoch [9/20]
Train Loss: 0.2086, Train Dice Score: 0.6175
Val Loss: 1.7976, Val Dice Score: 0.2259
Epoch [10/20]
Train Loss: 0.2061, Train Dice Score: 0.6241
Val Loss: 0.5854, Val Dice Score: 0.3995
Epoch [11/20]
Train Loss: 0.2000, Train Dice Score: 0.6365
Val Loss: 0.2637, Val Dice Score: 0.6352
Epoch [12/20]
Train Loss: 0.2017, Train Dice Score: 0.6393
Val Loss: 0.2561, Val Dice Score: 0.6528
Epoch [13/20]
Train Loss: 0.1974, Train Dice Score: 0.6470
Val Loss: 0.3387, Val Dice Score: 0.6369
Epoch [14/20]
Train Loss: 0.1930, Train Dice Score: 0.6542
Val Loss: 0.4096, Val Dice Score: 0.5741
Epoch [15/20]
Train Loss: 0.1962, Train Dice Score: 0.6443
Val Loss: 0.5275, Val Dice Score: 0.4386
Epoch [16/20]
Train Loss: 0.1907, Train Dice Score: 0.6586
Val Loss: 0.2074, Val Dice Score: 0.6169
Epoch [17/20]
Train Loss: 0.1833, Train Dice Score: 0.6656
Val Loss: 0.2486, Val Dice Score: 0.6668
Epoch [18/20]
Train Loss: 0.1837, Train Dice Score: 0.6699
Val Loss: 0.2783, Val Dice Score: 0.6777
Epoch [19/20]
Train Loss: 0.1809, Train Dice Score: 0.6716
Val Loss: 0.1989, Val Dice Score: 0.6736
Epoch [20/20]
Train Loss: 0.1821, Train Dice Score: 0.6734
Val Loss: 0.2200, Val Dice Score: 0.5305
Model saved successfully to /zhome/44/2/213836/02456/multiview-seg-dtu/segmentation_model_UNet_train100%_channels6.pth
Number of images in the trainset: 889
Number of images in the valset: 223
Number of images in the testset: 50
Using device: cuda
Epoch [1/20]
Train Loss: 0.4598, Train Dice Score: 0.1489
Val Loss: 0.3862, Val Dice Score: 0.0014
Epoch [2/20]
Train Loss: 0.3218, Train Dice Score: 0.4417
Val Loss: 0.3507, Val Dice Score: 0.1383
Epoch [3/20]
Train Loss: 0.2729, Train Dice Score: 0.5357
Val Loss: 0.7636, Val Dice Score: 0.2687
Epoch [4/20]
Train Loss: 0.2504, Train Dice Score: 0.5686
Val Loss: 0.4076, Val Dice Score: 0.5272
Epoch [5/20]
Train Loss: 0.2317, Train Dice Score: 0.5906
Val Loss: 0.8063, Val Dice Score: 0.3135
Epoch [6/20]
Train Loss: 0.2165, Train Dice Score: 0.6092
Val Loss: 0.4685, Val Dice Score: 0.3987
Epoch [7/20]
Train Loss: 0.2151, Train Dice Score: 0.6063
Val Loss: 0.3373, Val Dice Score: 0.5200
Epoch [8/20]
Train Loss: 0.2097, Train Dice Score: 0.6225
Val Loss: 0.3155, Val Dice Score: 0.5743
Epoch [9/20]
Train Loss: 0.2044, Train Dice Score: 0.6286
Val Loss: 1.0571, Val Dice Score: 0.3117
Epoch [10/20]
Train Loss: 0.1948, Train Dice Score: 0.6465
Val Loss: 2.4011, Val Dice Score: 0.2208
Epoch [11/20]
Train Loss: 0.1912, Train Dice Score: 0.6556
Val Loss: 0.3295, Val Dice Score: 0.6196
Epoch [12/20]
Train Loss: 0.1823, Train Dice Score: 0.6722
Val Loss: 0.2392, Val Dice Score: 0.3925
Epoch [13/20]
Train Loss: 0.1796, Train Dice Score: 0.6776
Val Loss: 0.2938, Val Dice Score: 0.6484
Epoch [14/20]
Train Loss: 0.1779, Train Dice Score: 0.6861
Val Loss: 1.3478, Val Dice Score: 0.2458
Epoch [15/20]
Train Loss: 0.1783, Train Dice Score: 0.6795
Val Loss: 0.2277, Val Dice Score: 0.5530
Epoch [16/20]
Train Loss: 0.1759, Train Dice Score: 0.6792
Val Loss: 0.2595, Val Dice Score: 0.5704
Epoch [17/20]
Train Loss: 0.1720, Train Dice Score: 0.6895
Val Loss: 0.2832, Val Dice Score: 0.3033
Epoch [18/20]
Train Loss: 0.1674, Train Dice Score: 0.7038
Val Loss: 0.1916, Val Dice Score: 0.6565
Epoch [19/20]
Train Loss: 0.1632, Train Dice Score: 0.7064
Val Loss: 0.4856, Val Dice Score: 0.4663
Epoch [20/20]
Train Loss: 0.1592, Train Dice Score: 0.7149
Val Loss: 0.3073, Val Dice Score: 0.3648
Model saved successfully to /zhome/44/2/213836/02456/multiview-seg-dtu/segmentation_model_UNet_train100%_channels5_6_7.pth
Number of images in the trainset: 889
Number of images in the valset: 223
Number of images in the testset: 50
Using device: cuda
Epoch [1/20]
Train Loss: 0.5069, Train Dice Score: 0.2133
Val Loss: 0.4427, Val Dice Score: 0.0123
Epoch [2/20]
Train Loss: 0.3441, Train Dice Score: 0.4776
Val Loss: 0.3564, Val Dice Score: 0.1222
Epoch [3/20]
Train Loss: 0.2752, Train Dice Score: 0.5689
Val Loss: 0.3244, Val Dice Score: 0.4421
Epoch [4/20]
Train Loss: 0.2460, Train Dice Score: 0.5787
Val Loss: 1.2216, Val Dice Score: 0.2219
Epoch [5/20]
Train Loss: 0.2245, Train Dice Score: 0.6051
Val Loss: 0.9317, Val Dice Score: 0.2670
Epoch [6/20]
Train Loss: 0.2060, Train Dice Score: 0.6346
Val Loss: 0.4013, Val Dice Score: 0.1495
Epoch [7/20]
Train Loss: 0.1923, Train Dice Score: 0.6631
Val Loss: 0.3901, Val Dice Score: 0.0011
Epoch [8/20]
Train Loss: 0.1881, Train Dice Score: 0.6618
Val Loss: 0.6967, Val Dice Score: 0.3515
Epoch [9/20]
Train Loss: 0.1776, Train Dice Score: 0.6818
Val Loss: 0.3776, Val Dice Score: 0.4275
Epoch [10/20]
Train Loss: 0.1701, Train Dice Score: 0.6996
Val Loss: 0.3850, Val Dice Score: 0.0060
Epoch [11/20]
Train Loss: 0.1668, Train Dice Score: 0.7136
Val Loss: 0.2046, Val Dice Score: 0.5761
Epoch [12/20]
Train Loss: 0.1636, Train Dice Score: 0.7166
Val Loss: 1.2665, Val Dice Score: 0.2345
Epoch [13/20]
Train Loss: 0.1580, Train Dice Score: 0.7279
Val Loss: 0.2614, Val Dice Score: 0.4716
Epoch [14/20]
Train Loss: 0.1541, Train Dice Score: 0.7320
Val Loss: 1.1068, Val Dice Score: 0.2437
Epoch [15/20]
Train Loss: 0.1563, Train Dice Score: 0.7337
Val Loss: 0.2505, Val Dice Score: 0.6102
Epoch [16/20]
Train Loss: 0.1563, Train Dice Score: 0.7255
Val Loss: 0.4706, Val Dice Score: 0.4958
Epoch [17/20]
Train Loss: 0.1492, Train Dice Score: 0.7476
Val Loss: 0.5287, Val Dice Score: 0.4279
Epoch [18/20]
Train Loss: 0.1501, Train Dice Score: 0.7425
Val Loss: 0.6988, Val Dice Score: 0.3246
Epoch [19/20]
Train Loss: 0.1467, Train Dice Score: 0.7468
Val Loss: 0.1985, Val Dice Score: 0.6285
Epoch [20/20]
Train Loss: 0.1432, Train Dice Score: 0.7582
Val Loss: 0.7050, Val Dice Score: 0.3955
Model saved successfully to /zhome/44/2/213836/02456/multiview-seg-dtu/segmentation_model_UNet_train100%_channels4_5_6_7_8.pth
Number of images in the trainset: 889
Number of images in the valset: 223
Number of images in the testset: 50
Using device: cuda
Epoch [1/20]
Train Loss: 0.5152, Train Dice Score: 0.2659
Val Loss: 0.4040, Val Dice Score: 0.0165
Epoch [2/20]
Train Loss: 0.3432, Train Dice Score: 0.5489
Val Loss: 0.3618, Val Dice Score: 0.0804
Epoch [3/20]
Train Loss: 0.2855, Train Dice Score: 0.5582
Val Loss: 1.7088, Val Dice Score: 0.2201
Epoch [4/20]
Train Loss: 0.2406, Train Dice Score: 0.6166
Val Loss: 0.3548, Val Dice Score: 0.0709
Epoch [5/20]
Train Loss: 0.2142, Train Dice Score: 0.6509
Val Loss: 3.2343, Val Dice Score: 0.2199
Epoch [6/20]
Train Loss: 0.1989, Train Dice Score: 0.6512
Val Loss: 1.2409, Val Dice Score: 0.2380
Epoch [7/20]
Train Loss: 0.1907, Train Dice Score: 0.6669
Val Loss: 0.7453, Val Dice Score: 0.2727
Epoch [8/20]
Train Loss: 0.1789, Train Dice Score: 0.6935
Val Loss: 2.1700, Val Dice Score: 0.2191
Epoch [9/20]
Train Loss: 0.1694, Train Dice Score: 0.7090
Val Loss: 0.6791, Val Dice Score: 0.2730
Epoch [10/20]
Train Loss: 0.1633, Train Dice Score: 0.7111
Val Loss: 0.3987, Val Dice Score: 0.4761
Epoch [11/20]
Train Loss: 0.1630, Train Dice Score: 0.7248
Val Loss: 1.9304, Val Dice Score: 0.2326
Epoch [12/20]
Train Loss: 0.1648, Train Dice Score: 0.7123
Val Loss: 3.1897, Val Dice Score: 0.2232
Epoch [13/20]
Train Loss: 0.1611, Train Dice Score: 0.7178
Val Loss: 0.4713, Val Dice Score: 0.6394
Epoch [14/20]
Train Loss: 0.1557, Train Dice Score: 0.7362
Val Loss: 0.3355, Val Dice Score: 0.0404
Epoch [15/20]
Train Loss: 0.1552, Train Dice Score: 0.7359
Val Loss: 0.3287, Val Dice Score: 0.1445
Epoch [16/20]
Train Loss: 0.1553, Train Dice Score: 0.7337
Val Loss: 0.2792, Val Dice Score: 0.5382
Epoch [17/20]
Train Loss: 0.1446, Train Dice Score: 0.7541
Val Loss: 0.5466, Val Dice Score: 0.4954
Epoch [18/20]
Train Loss: 0.1444, Train Dice Score: 0.7538
Val Loss: 0.2632, Val Dice Score: 0.5640
Epoch [19/20]
Train Loss: 0.1428, Train Dice Score: 0.7589
Val Loss: 0.2058, Val Dice Score: 0.6705
Epoch [20/20]
Train Loss: 0.1462, Train Dice Score: 0.7487
Val Loss: 0.4771, Val Dice Score: 0.6485
Model saved successfully to /zhome/44/2/213836/02456/multiview-seg-dtu/segmentation_model_UNet_train100%_channels3_4_5_6_7_8_9.pth

------------------------------------------------------------
Sender: LSF System <lsfadmin@hpc.dtu.dk>
Subject: Job 23442293: <train_seg_model> in cluster <dcc> Done

Job <train_seg_model> was submitted from host <n-62-12-19> by user <s243345> in cluster <dcc> at Fri Dec 13 15:10:00 2024
Job was executed on host(s) <4*n-62-20-12>, in queue <gpuv100>, as user <s243345> in cluster <dcc> at Fri Dec 13 15:10:35 2024
</zhome/44/2/213836> was used as the home directory.
</zhome/44/2/213836/02456/multiview-seg-dtu> was used as the working directory.
Started at Fri Dec 13 15:10:35 2024
Terminated at Fri Dec 13 16:56:05 2024
Results reported at Fri Dec 13 16:56:05 2024

Your job looked like:

------------------------------------------------------------
# LSBATCH: User input
#!/bin/bash
#BSUB -q gpuv100
#BSUB -J train_seg_model         # Job name
#BSUB -n 4                       # Number of cores
#BSUB -W 14:00                   # Wall-clock time (14 hours here)
#BSUB -R "rusage[mem=8GB]"       # Memory requirements (8 GB here)
#BSUB -gpu "num=1:mode=exclusive_process"
#BSUB -o train_seg_model_%J.out  # Standard output file
#BSUB -e train_seg_model_%J.err  # Standard error file

# Activate the environment
source /zhome/44/2/213836/myenv/bin/activate

# Run the Python script
python3 train.py --num_epochs 20 --model_name "UNet" --channels 6
python3 train.py --num_epochs 20 --model_name "UNet" --channels 5 6 7
python3 train.py --num_epochs 20 --model_name "UNet" --channels 4 5 6 7 8
python3 train.py --num_epochs 20 --model_name "UNet" --channels 3 4 5 6 7 8 9
#python3 train.py --num_epochs 20 --model_name "UNet" --train_percentage 0.2
#python3 train.py --num_epochs 20 --model_name "UNet" --train_percentage 0.4
#python3 train.py --num_epochs 20 --model_name "UNet" --train_percentage 0.6
#python3 train.py --num_epochs 20 --model_name "UNet" --train_percentage 0.8

------------------------------------------------------------

Successfully completed.

Resource usage summary:

    CPU time :                                   5598.00 sec.
    Max Memory :                                 1289 MB
    Average Memory :                             1258.96 MB
    Total Requested Memory :                     32768.00 MB
    Delta Memory :                               31479.00 MB
    Max Swap :                                   -
    Max Processes :                              4
    Max Threads :                                10
    Run time :                                   6330 sec.
    Turnaround time :                            6365 sec.

The output (if any) is above this job summary.



PS:

Read file <train_seg_model_23442293.err> for stderr output of this job.

