/usr/lib64/python3.9/tarfile.py:2268: RuntimeWarning: The default behavior of tarfile extraction has been changed to disallow common exploits (including CVE-2007-4559). By default, absolute/parent paths are disallowed and some mode bits are cleared. See https://access.redhat.com/articles/7004769 for more details.
  warnings.warn(
/zhome/44/2/213836/02456/multiview-seg-dtu/evaluate.py:150: FutureWarning: You are using `torch.load` with `weights_only=False` (the current default value), which uses the default pickle module implicitly. It is possible to construct malicious pickle data which will execute arbitrary code during unpickling (See https://github.com/pytorch/pytorch/blob/main/SECURITY.md#untrusted-models for more details). In a future release, the default value for `weights_only` will be flipped to `True`. This limits the functions that could be executed during unpickling. Arbitrary objects will no longer be allowed to be loaded via this mode unless they are explicitly allowlisted by the user via `torch.serialization.add_safe_globals`. We recommend you start setting `weights_only=True` for any use case where you don't have full control of the loaded file. Please open an issue on GitHub for any issues related to this experimental feature.
  model.load_state_dict(torch.load(model_save_path))
../aten/src/ATen/native/cuda/Loss.cu:94: operator(): block: [280,0,0], thread: [3,0,0] Assertion `input_val >= zero && input_val <= one` failed.
../aten/src/ATen/native/cuda/Loss.cu:94: operator(): block: [280,0,0], thread: [4,0,0] Assertion `input_val >= zero && input_val <= one` failed.
../aten/src/ATen/native/cuda/Loss.cu:94: operator(): block: [280,0,0], thread: [5,0,0] Assertion `input_val >= zero && input_val <= one` failed.
../aten/src/ATen/native/cuda/Loss.cu:94: operator(): block: [280,0,0], thread: [6,0,0] Assertion `input_val >= zero && input_val <= one` failed.
../aten/src/ATen/native/cuda/Loss.cu:94: operator(): block: [280,0,0], thread: [7,0,0] Assertion `input_val >= zero && input_val <= one` failed.
../aten/src/ATen/native/cuda/Loss.cu:94: operator(): block: [280,0,0], thread: [8,0,0] Assertion `input_val >= zero && input_val <= one` failed.
../aten/src/ATen/native/cuda/Loss.cu:94: operator(): block: [280,0,0], thread: [9,0,0] Assertion `input_val >= zero && input_val <= one` failed.
../aten/src/ATen/native/cuda/Loss.cu:94: operator(): block: [280,0,0], thread: [10,0,0] Assertion `input_val >= zero && input_val <= one` failed.
../aten/src/ATen/native/cuda/Loss.cu:94: operator(): block: [280,0,0], thread: [11,0,0] Assertion `input_val >= zero && input_val <= one` failed.
../aten/src/ATen/native/cuda/Loss.cu:94: operator(): block: [280,0,0], thread: [12,0,0] Assertion `input_val >= zero && input_val <= one` failed.
../aten/src/ATen/native/cuda/Loss.cu:94: operator(): block: [280,0,0], thread: [13,0,0] Assertion `input_val >= zero && input_val <= one` failed.
../aten/src/ATen/native/cuda/Loss.cu:94: operator(): block: [280,0,0], thread: [14,0,0] Assertion `input_val >= zero && input_val <= one` failed.
../aten/src/ATen/native/cuda/Loss.cu:94: operator(): block: [280,0,0], thread: [15,0,0] Assertion `input_val >= zero && input_val <= one` failed.
../aten/src/ATen/native/cuda/Loss.cu:94: operator(): block: [280,0,0], thread: [16,0,0] Assertion `input_val >= zero && input_val <= one` failed.
../aten/src/ATen/native/cuda/Loss.cu:94: operator(): block: [280,0,0], thread: [20,0,0] Assertion `input_val >= zero && input_val <= one` failed.
../aten/src/ATen/native/cuda/Loss.cu:94: operator(): block: [280,0,0], thread: [21,0,0] Assertion `input_val >= zero && input_val <= one` failed.
../aten/src/ATen/native/cuda/Loss.cu:94: operator(): block: [280,0,0], thread: [22,0,0] Assertion `input_val >= zero && input_val <= one` failed.
../aten/src/ATen/native/cuda/Loss.cu:94: operator(): block: [280,0,0], thread: [23,0,0] Assertion `input_val >= zero && input_val <= one` failed.
../aten/src/ATen/native/cuda/Loss.cu:94: operator(): block: [280,0,0], thread: [24,0,0] Assertion `input_val >= zero && input_val <= one` failed.
../aten/src/ATen/native/cuda/Loss.cu:94: operator(): block: [280,0,0], thread: [25,0,0] Assertion `input_val >= zero && input_val <= one` failed.
../aten/src/ATen/native/cuda/Loss.cu:94: operator(): block: [280,0,0], thread: [26,0,0] Assertion `input_val >= zero && input_val <= one` failed.
../aten/src/ATen/native/cuda/Loss.cu:94: operator(): block: [280,0,0], thread: [27,0,0] Assertion `input_val >= zero && input_val <= one` failed.
../aten/src/ATen/native/cuda/Loss.cu:94: operator(): block: [280,0,0], thread: [28,0,0] Assertion `input_val >= zero && input_val <= one` failed.
../aten/src/ATen/native/cuda/Loss.cu:94: operator(): block: [280,0,0], thread: [29,0,0] Assertion `input_val >= zero && input_val <= one` failed.
../aten/src/ATen/native/cuda/Loss.cu:94: operator(): block: [280,0,0], thread: [30,0,0] Assertion `input_val >= zero && input_val <= one` failed.
../aten/src/ATen/native/cuda/Loss.cu:94: operator(): block: [280,0,0], thread: [31,0,0] Assertion `input_val >= zero && input_val <= one` failed.
Traceback (most recent call last):
  File "/zhome/44/2/213836/02456/multiview-seg-dtu/evaluate.py", line 154, in <module>
    evaluate_model(model, test_dataloader, criterion, device)
  File "/zhome/44/2/213836/02456/multiview-seg-dtu/evaluate.py", line 32, in evaluate_model
    loss = criterion(outputs, masks)
  File "/zhome/44/2/213836/myenv/lib64/python3.9/site-packages/torch/nn/modules/module.py", line 1736, in _wrapped_call_impl
    return self._call_impl(*args, **kwargs)
  File "/zhome/44/2/213836/myenv/lib64/python3.9/site-packages/torch/nn/modules/module.py", line 1747, in _call_impl
    return forward_call(*args, **kwargs)
  File "/zhome/44/2/213836/myenv/lib64/python3.9/site-packages/torch/nn/modules/loss.py", line 697, in forward
    return F.binary_cross_entropy(
  File "/zhome/44/2/213836/myenv/lib64/python3.9/site-packages/torch/nn/functional.py", line 3554, in binary_cross_entropy
    return torch._C._nn.binary_cross_entropy(input, target, weight, reduction_enum)
RuntimeError: CUDA error: device-side assert triggered
CUDA kernel errors might be asynchronously reported at some other API call, so the stacktrace below might be incorrect.
For debugging consider passing CUDA_LAUNCH_BLOCKING=1
Compile with `TORCH_USE_CUDA_DSA` to enable device-side assertions.

