Number of images in the trainset: 2668
Number of images in the valset: 668
Number of images in the testset: 50
Using device: cuda
Epoch [1/20]
Train Loss: 0.4057, Train Dice Score: 0.0061
Val Loss: 0.3878, Val Dice Score: 0.0000
Epoch [2/20]
Train Loss: 0.3524, Train Dice Score: 0.0487
Val Loss: 0.5270, Val Dice Score: 0.1996
Epoch [3/20]
Train Loss: 0.3403, Train Dice Score: 0.1019
Val Loss: 0.4212, Val Dice Score: 0.0584
Epoch [4/20]
Train Loss: 0.3267, Train Dice Score: 0.1981
Val Loss: 0.5620, Val Dice Score: 0.2882
Epoch [5/20]
Train Loss: 0.3220, Train Dice Score: 0.2488
Val Loss: 0.3741, Val Dice Score: 0.0000
Epoch [6/20]
Train Loss: 0.3152, Train Dice Score: 0.2707
Val Loss: 0.3630, Val Dice Score: 0.0000
Epoch [7/20]
Train Loss: 0.3144, Train Dice Score: 0.2654
Val Loss: 0.4229, Val Dice Score: 0.0706
Epoch [8/20]
Train Loss: 0.3096, Train Dice Score: 0.2955
Val Loss: 0.5405, Val Dice Score: 0.0163
Epoch [9/20]
Train Loss: 0.3102, Train Dice Score: 0.2920
Val Loss: 0.3585, Val Dice Score: 0.0002
Epoch [10/20]
Train Loss: 0.3059, Train Dice Score: 0.3058
Val Loss: 1.9137, Val Dice Score: 0.2276
Epoch [11/20]
Train Loss: 0.3038, Train Dice Score: 0.3138
Val Loss: 0.3527, Val Dice Score: 0.0567
Epoch [12/20]
Train Loss: 0.3054, Train Dice Score: 0.3056
Val Loss: 1.6497, Val Dice Score: 0.2407
Epoch [13/20]
Train Loss: 0.3024, Train Dice Score: 0.3134
Val Loss: 0.3246, Val Dice Score: 0.3368
Epoch [14/20]
Train Loss: 0.3010, Train Dice Score: 0.3226
Val Loss: 0.3140, Val Dice Score: 0.2985
Epoch [15/20]
Train Loss: 0.2982, Train Dice Score: 0.3292
Val Loss: 0.9101, Val Dice Score: 0.2232
Epoch [16/20]
Train Loss: 0.2993, Train Dice Score: 0.3260
Val Loss: 0.3269, Val Dice Score: 0.2573
Epoch [17/20]
Train Loss: 0.2986, Train Dice Score: 0.3274
Val Loss: 0.3442, Val Dice Score: 0.1304
Epoch [18/20]
Train Loss: 0.2981, Train Dice Score: 0.3257
Val Loss: 0.3628, Val Dice Score: 0.0003
Epoch [19/20]
Train Loss: 0.2955, Train Dice Score: 0.3364
Val Loss: 0.6033, Val Dice Score: 0.2506
Epoch [20/20]
Train Loss: 0.2996, Train Dice Score: 0.3154
Val Loss: 0.3360, Val Dice Score: 0.1361
Model saved successfully to /zhome/2b/8/212341/multiview-seg-dtu/final_models/segmentation_model_UNet_train100%_channels0_1_2_3_4_5_6_7_8_9_10_augmentation_.pth

------------------------------------------------------------
Sender: LSF System <lsfadmin@hpc.dtu.dk>
Subject: Job 23447170: <train_seg_model> in cluster <dcc> Done

Job <train_seg_model> was submitted from host <gbarlogin1> by user <s241931> in cluster <dcc> at Mon Dec 16 16:51:46 2024
Job was executed on host(s) <4*n-62-20-10>, in queue <gpuv100>, as user <s241931> in cluster <dcc> at Mon Dec 16 17:04:33 2024
</zhome/2b/8/212341> was used as the home directory.
</zhome/2b/8/212341/multiview-seg-dtu> was used as the working directory.
Started at Mon Dec 16 17:04:33 2024
Terminated at Mon Dec 16 17:11:42 2024
Results reported at Mon Dec 16 17:11:42 2024

Your job looked like:

------------------------------------------------------------
# LSBATCH: User input
#!/bin/bash
#BSUB -q gpuv100
#BSUB -J train_seg_model         # Job name
#BSUB -n 4                       # Number of cores
#BSUB -W 14:00                   # Wall-clock time (14 hours here)
#BSUB -R "rusage[mem=8GB]"       # Memory requirements (8 GB here)
#BSUB -gpu "num=1:mode=exclusive_process"
#BSUB -o train_seg_model_%J.out  # Standard output file
#BSUB -e train_seg_model_%J.err  # Standard error file

# Activate the environment
# source /zhome/44/2/213836/myenv/bin/activate
source /zhome/2b/8/212341/multiview-seg-dtu/.venv/bin/activate

# Run the Python script
#python3 train.py --num_epochs 20 --model_name "UNet" --channels 1
#python3 train.py --num_epochs 20 --model_name "UNet" --channels 1 6
#python3 train.py --num_epochs 20 --model_name "UNet" --channels 1 6 3 4 8
#python3 train.py --num_epochs 20 --model_name "UNet" --channels 1 6 3 4 8 2 0
#python3 train.py --num_epochs 20 --model_name "UNet" --train_percentage 0.2
#python3 train.py --num_epochs 20 --model_name "UNet" --train_percentage 0.4
#python3 train.py --num_epochs 20 --model_name "UNet" --train_percentage 0.6
#python3 train.py --num_epochs 20 --model_name "UNet" --train_percentage 0.8
python3 train.py --num_epochs 20 --model_name "UNet" --train_percentage 1.0 --augmentation True

------------------------------------------------------------

Successfully completed.

Resource usage summary:

    CPU time :                                   405.00 sec.
    Max Memory :                                 3372 MB
    Average Memory :                             2680.67 MB
    Total Requested Memory :                     32768.00 MB
    Delta Memory :                               29396.00 MB
    Max Swap :                                   -
    Max Processes :                              4
    Max Threads :                                10
    Run time :                                   431 sec.
    Turnaround time :                            1196 sec.

The output (if any) is above this job summary.



PS:

Read file <train_seg_model_23447170.err> for stderr output of this job.

