Number of images in the trainset: 177
Number of images in the valset: 44
Number of images in the testset: 50
Using device: cuda
Epoch [1/20]
Train Loss: 0.7076, Train Dice Score: 0.2287
Val Loss: 0.7282, Val Dice Score: 0.1999
Epoch [2/20]
Train Loss: 0.5349, Train Dice Score: 0.2945
Val Loss: 0.5519, Val Dice Score: 0.0060
Epoch [3/20]
Train Loss: 0.4622, Train Dice Score: 0.4908
Val Loss: 0.4620, Val Dice Score: 0.0063
Epoch [4/20]
Train Loss: 0.4105, Train Dice Score: 0.5663
Val Loss: 0.4025, Val Dice Score: 0.0000
Epoch [5/20]
Train Loss: 0.3692, Train Dice Score: 0.6106
Val Loss: 0.3767, Val Dice Score: 0.0011
Epoch [6/20]
Train Loss: 0.3453, Train Dice Score: 0.6159
Val Loss: 0.3532, Val Dice Score: 0.0031
Epoch [7/20]
Train Loss: 0.3185, Train Dice Score: 0.6358
Val Loss: 0.3370, Val Dice Score: 0.0106
Epoch [8/20]
Train Loss: 0.3012, Train Dice Score: 0.6445
Val Loss: 0.3224, Val Dice Score: 0.0197
Epoch [9/20]
Train Loss: 0.2791, Train Dice Score: 0.6567
Val Loss: 0.3241, Val Dice Score: 0.0489
Epoch [10/20]
Train Loss: 0.2688, Train Dice Score: 0.6465
Val Loss: 1.4755, Val Dice Score: 0.2022
Epoch [11/20]
Train Loss: 0.2805, Train Dice Score: 0.5831
Val Loss: 1.3364, Val Dice Score: 0.2045
Epoch [12/20]
Train Loss: 0.2657, Train Dice Score: 0.5997
Val Loss: 0.8658, Val Dice Score: 0.2474
Epoch [13/20]
Train Loss: 0.2458, Train Dice Score: 0.6382
Val Loss: 0.5089, Val Dice Score: 0.4617
Epoch [14/20]
Train Loss: 0.2242, Train Dice Score: 0.6812
Val Loss: 0.5686, Val Dice Score: 0.3266
Epoch [15/20]
Train Loss: 0.2136, Train Dice Score: 0.6846
Val Loss: 0.9660, Val Dice Score: 0.2112
Epoch [16/20]
Train Loss: 0.2068, Train Dice Score: 0.6975
Val Loss: 0.4186, Val Dice Score: 0.2294
Epoch [17/20]
Train Loss: 0.2046, Train Dice Score: 0.6961
Val Loss: 0.6516, Val Dice Score: 0.2648
Epoch [18/20]
Train Loss: 0.1894, Train Dice Score: 0.7192
Val Loss: 0.7132, Val Dice Score: 0.2324
Epoch [19/20]
Train Loss: 0.1856, Train Dice Score: 0.7224
Val Loss: 0.2891, Val Dice Score: 0.3474
Epoch [20/20]
Train Loss: 0.1841, Train Dice Score: 0.7074
Val Loss: 0.6262, Val Dice Score: 0.3273
Number of images in the trainset: 355
Number of images in the valset: 89
Number of images in the testset: 50
Using device: cuda
Number of images in the trainset: 533
Number of images in the valset: 133
Number of images in the testset: 50
Using device: cuda
Number of images in the trainset: 711
Number of images in the valset: 178
Number of images in the testset: 50
Using device: cuda

------------------------------------------------------------
Sender: LSF System <lsfadmin@hpc.dtu.dk>
Subject: Job 23442268: <train_seg_model> in cluster <dcc> Exited

Job <train_seg_model> was submitted from host <n-62-12-19> by user <s243345> in cluster <dcc> at Fri Dec 13 14:59:56 2024
Job was executed on host(s) <4*n-62-20-16>, in queue <gpuv100>, as user <s243345> in cluster <dcc> at Fri Dec 13 15:00:44 2024
</zhome/44/2/213836> was used as the home directory.
</zhome/44/2/213836/02456/multiview-seg-dtu> was used as the working directory.
Started at Fri Dec 13 15:00:44 2024
Terminated at Fri Dec 13 15:17:42 2024
Results reported at Fri Dec 13 15:17:42 2024

Your job looked like:

------------------------------------------------------------
# LSBATCH: User input
#!/bin/bash
#BSUB -q gpuv100
#BSUB -J train_seg_model         # Job name
#BSUB -n 4                       # Number of cores
#BSUB -W 14:00                   # Wall-clock time (14 hours here)
#BSUB -R "rusage[mem=8GB]"       # Memory requirements (8 GB here)
#BSUB -gpu "num=1:mode=exclusive_process"
#BSUB -o train_seg_model_%J.out  # Standard output file
#BSUB -e train_seg_model_%J.err  # Standard error file

# Activate the environment
source /zhome/44/2/213836/myenv/bin/activate

# Run the Python script
#python3 train.py --num_epochs 20 --model_name "UNet" --channels 6
#python3 train.py --num_epochs 20 --model_name "UNet" --channels 5 6 7
#python3 train.py --num_epochs 20 --model_name "UNet" --channels 4 5 6 7 8
#python3 train.py --num_epochs 20 --model_name "UNet" --channels 3 4 5 6 7 8 9
python3 train.py --num_epochs 20 --model_name "UNet" --train_percentage 0.2
python3 train.py --num_epochs 20 --model_name "UNet" --train_percentage 0.4
python3 train.py --num_epochs 20 --model_name "UNet" --train_percentage 0.6
python3 train.py --num_epochs 20 --model_name "UNet" --train_percentage 0.8

------------------------------------------------------------

Exited with exit code 1.

Resource usage summary:

    CPU time :                                   720.00 sec.
    Max Memory :                                 1324 MB
    Average Memory :                             891.90 MB
    Total Requested Memory :                     32768.00 MB
    Delta Memory :                               31444.00 MB
    Max Swap :                                   -
    Max Processes :                              4
    Max Threads :                                10
    Run time :                                   1018 sec.
    Turnaround time :                            1066 sec.

The output (if any) is above this job summary.



PS:

Read file <train_seg_model_23442268.err> for stderr output of this job.

