Number of images in the trainset: 889
Number of images in the valset: 223
Number of images in the testset: 50
Using device: cuda
Epoch [1/20]
Train Loss: 0.5164, Train Dice Score: 0.3444
Val Loss: 0.3977, Val Dice Score: 0.0067
Epoch [2/20]
Train Loss: 0.3286, Train Dice Score: 0.5706
Val Loss: 0.4601, Val Dice Score: 0.2616
Epoch [3/20]
Train Loss: 0.2582, Train Dice Score: 0.6347
Val Loss: 0.4082, Val Dice Score: 0.6276
Epoch [4/20]
Train Loss: 0.2203, Train Dice Score: 0.6560
Val Loss: 0.5469, Val Dice Score: 0.0281
Epoch [5/20]
Train Loss: 0.1958, Train Dice Score: 0.6895
Val Loss: 0.5550, Val Dice Score: 0.5702
Epoch [6/20]
Train Loss: 0.1852, Train Dice Score: 0.6962
Val Loss: 0.5174, Val Dice Score: 0.0041
Epoch [7/20]
Train Loss: 0.1737, Train Dice Score: 0.7042
Val Loss: 0.4352, Val Dice Score: 0.4971
Epoch [8/20]
Train Loss: 0.1641, Train Dice Score: 0.7234
Val Loss: 0.3069, Val Dice Score: 0.2524
Epoch [9/20]
Train Loss: 0.1554, Train Dice Score: 0.7416
Val Loss: 0.5919, Val Dice Score: 0.3508
Epoch [10/20]
Train Loss: 0.1497, Train Dice Score: 0.7489
Val Loss: 0.4827, Val Dice Score: 0.4681
Epoch [11/20]
Train Loss: 0.1474, Train Dice Score: 0.7499
Val Loss: 0.3356, Val Dice Score: 0.1332
Epoch [12/20]
Train Loss: 0.1502, Train Dice Score: 0.7486
Val Loss: 0.3367, Val Dice Score: 0.2228
Epoch [13/20]
Train Loss: 0.1424, Train Dice Score: 0.7625
Val Loss: 1.1235, Val Dice Score: 0.2231
Epoch [14/20]
Train Loss: 0.1417, Train Dice Score: 0.7615
Val Loss: 0.3465, Val Dice Score: 0.6515
Epoch [15/20]
Train Loss: 0.1381, Train Dice Score: 0.7707
Val Loss: 0.3898, Val Dice Score: 0.6980
Epoch [16/20]
Train Loss: 0.1360, Train Dice Score: 0.7713
Val Loss: 0.3093, Val Dice Score: 0.6644
Epoch [17/20]
Train Loss: 0.1324, Train Dice Score: 0.7772
Val Loss: 0.6349, Val Dice Score: 0.3222
Epoch [18/20]
Train Loss: 0.1329, Train Dice Score: 0.7721
Val Loss: 0.3475, Val Dice Score: 0.0249
Epoch [19/20]
Train Loss: 0.1350, Train Dice Score: 0.7736
Val Loss: 0.8319, Val Dice Score: 0.2338
Epoch [20/20]
Train Loss: 0.1343, Train Dice Score: 0.7729
Val Loss: 1.6952, Val Dice Score: 0.2225
Model saved successfully to /zhome/44/2/213836/02456/multiview-seg-dtu/segmentation_model_UNet.pth
Average Loss on Test Set: 1.3627
Precision: 0.1863
Recall: 0.9801
F1 Score: 0.3130
Number of images in the trainset: 889
Number of images in the valset: 223
Number of images in the testset: 50
Using device: cuda
Epoch [1/20]
Train Loss: 0.5082, Train Dice Score: 0.0698
Val Loss: 0.3820, Val Dice Score: 0.0000
Epoch [2/20]
Train Loss: 0.3733, Train Dice Score: 0.0000
Val Loss: 0.3776, Val Dice Score: 0.0000
Epoch [3/20]
Train Loss: 0.3702, Train Dice Score: 0.0000
Val Loss: 0.3771, Val Dice Score: 0.0000
Epoch [4/20]
Train Loss: 0.3690, Train Dice Score: 0.0000
Val Loss: 0.3755, Val Dice Score: 0.0000
Epoch [5/20]
Train Loss: 0.3688, Train Dice Score: 0.0000
Val Loss: 0.3769, Val Dice Score: 0.0000
Epoch [6/20]
Train Loss: 0.3687, Train Dice Score: 0.0000
Val Loss: 0.3752, Val Dice Score: 0.0000
Epoch [7/20]
Train Loss: 0.3695, Train Dice Score: 0.0000
Val Loss: 0.3753, Val Dice Score: 0.0000
Epoch [8/20]
Train Loss: 0.3681, Train Dice Score: 0.0000
Val Loss: 0.3750, Val Dice Score: 0.0000
Epoch [9/20]
Train Loss: 0.3680, Train Dice Score: 0.0000
Val Loss: 0.3762, Val Dice Score: 0.0000
Epoch [10/20]
Train Loss: 0.3691, Train Dice Score: 0.0000
Val Loss: 0.3752, Val Dice Score: 0.0000
Epoch [11/20]
Train Loss: 0.3689, Train Dice Score: 0.0000
Val Loss: 0.3770, Val Dice Score: 0.0000
Epoch [12/20]
Train Loss: 0.3682, Train Dice Score: 0.0000
Val Loss: 0.3822, Val Dice Score: 0.0000
Epoch [13/20]
Train Loss: 0.3686, Train Dice Score: 0.0000
Val Loss: 0.3754, Val Dice Score: 0.0000
Epoch [14/20]
Train Loss: 0.3681, Train Dice Score: 0.0000
Val Loss: 0.3749, Val Dice Score: 0.0000
Epoch [15/20]
Train Loss: 0.3682, Train Dice Score: 0.0000
Val Loss: 0.3753, Val Dice Score: 0.0000
Epoch [16/20]
Train Loss: 0.3679, Train Dice Score: 0.0000
Val Loss: 0.3745, Val Dice Score: 0.0000
Epoch [17/20]
Train Loss: 0.3674, Train Dice Score: 0.0000
Val Loss: 0.3747, Val Dice Score: 0.0000
Epoch [18/20]
Train Loss: 0.3692, Train Dice Score: 0.0000
Val Loss: 0.3807, Val Dice Score: 0.0000
Epoch [19/20]
Train Loss: 0.3681, Train Dice Score: 0.0000
Val Loss: 0.3744, Val Dice Score: 0.0000
Epoch [20/20]
Train Loss: 0.3683, Train Dice Score: 0.0000
Val Loss: 0.3752, Val Dice Score: 0.0000
Model saved successfully to /zhome/44/2/213836/02456/multiview-seg-dtu/segmentation_model_Simple.pth
Average Loss on Test Set: 0.4838
Precision: 0.0000
Recall: 0.0000
F1 Score: 0.0000
Number of images in the trainset: 889
Number of images in the valset: 223
Number of images in the testset: 50
Using device: cuda
Epoch [1/20]
Train Loss: 0.5614, Train Dice Score: 0.0459
Val Loss: 0.8397, Val Dice Score: 0.1055
Epoch [2/20]
Train Loss: 0.3751, Train Dice Score: 0.0004
Val Loss: 0.3751, Val Dice Score: 0.0000
Epoch [3/20]
Train Loss: 0.3630, Train Dice Score: 0.0010
Val Loss: 2.7041, Val Dice Score: 0.0573
Epoch [4/20]
Train Loss: 0.3277, Train Dice Score: 0.0002
Val Loss: 0.6002, Val Dice Score: 0.0000
Epoch [5/20]
Train Loss: 0.2751, Train Dice Score: 0.0002
Val Loss: 0.2767, Val Dice Score: 0.0002
Epoch [6/20]
Train Loss: 0.2497, Train Dice Score: 0.3015
Val Loss: 0.3977, Val Dice Score: 0.0015
Epoch [7/20]
Train Loss: 0.2271, Train Dice Score: 0.4647
Val Loss: 0.7789, Val Dice Score: 0.0178
Epoch [8/20]
Train Loss: 0.2196, Train Dice Score: 0.4953
Val Loss: 0.3197, Val Dice Score: 0.1192
Epoch [9/20]
Train Loss: 0.2206, Train Dice Score: 0.5287
Val Loss: 0.4410, Val Dice Score: 0.0401
Epoch [10/20]
Train Loss: 0.2116, Train Dice Score: 0.5484
Val Loss: 0.5970, Val Dice Score: 0.1358
Epoch [11/20]
Train Loss: 0.2109, Train Dice Score: 0.5270
Val Loss: 3.6135, Val Dice Score: 0.2258
Epoch [12/20]
Train Loss: 0.1977, Train Dice Score: 0.5742
Val Loss: 0.3663, Val Dice Score: 0.3356
Epoch [13/20]
Train Loss: 0.2017, Train Dice Score: 0.5590
Val Loss: 1.4572, Val Dice Score: 0.0001
Epoch [14/20]
Train Loss: 0.2101, Train Dice Score: 0.5276
Val Loss: 1.9084, Val Dice Score: 0.0038
Epoch [15/20]
Train Loss: 0.1953, Train Dice Score: 0.5671
Val Loss: 0.3185, Val Dice Score: 0.1417
Epoch [16/20]
Train Loss: 0.1908, Train Dice Score: 0.5898
Val Loss: 0.4200, Val Dice Score: 0.6049
Epoch [17/20]
Train Loss: 0.1990, Train Dice Score: 0.5584
Val Loss: 0.5593, Val Dice Score: 0.3842
Epoch [18/20]
Train Loss: 0.1867, Train Dice Score: 0.5963
Val Loss: 0.3816, Val Dice Score: 0.1048
Epoch [19/20]
Train Loss: 0.1817, Train Dice Score: 0.6043
Val Loss: 1.5894, Val Dice Score: 0.2367
Epoch [20/20]
Train Loss: 0.1788, Train Dice Score: 0.6285
Val Loss: 0.2791, Val Dice Score: 0.2322
Model saved successfully to /zhome/44/2/213836/02456/multiview-seg-dtu/segmentation_model_Pretrained.pth
Average Loss on Test Set: 0.3317
Precision: 0.9476
Recall: 0.2047
F1 Score: 0.3367

------------------------------------------------------------
Sender: LSF System <lsfadmin@hpc.dtu.dk>
Subject: Job 23327785: <train_seg_model> in cluster <dcc> Done

Job <train_seg_model> was submitted from host <n-62-12-19> by user <s243345> in cluster <dcc> at Mon Dec  2 22:08:08 2024
Job was executed on host(s) <4*n-62-11-14>, in queue <gpuv100>, as user <s243345> in cluster <dcc> at Mon Dec  2 22:08:24 2024
</zhome/44/2/213836> was used as the home directory.
</zhome/44/2/213836/02456/multiview-seg-dtu> was used as the working directory.
Started at Mon Dec  2 22:08:24 2024
Terminated at Tue Dec  3 01:32:16 2024
Results reported at Tue Dec  3 01:32:16 2024

Your job looked like:

------------------------------------------------------------
# LSBATCH: User input
#!/bin/bash
#BSUB -q gpuv100
#BSUB -J train_seg_model         # Job name
#BSUB -n 4                       # Number of cores
#BSUB -W 14:00                   # Wall-clock time (14 hours here)
#BSUB -R "rusage[mem=8GB]"       # Memory requirements (8 GB here)
#BSUB -gpu "num=1:mode=exclusive_process"
#BSUB -o train_seg_model_%J.out  # Standard output file
#BSUB -e train_seg_model_%J.err  # Standard error file

# Activate the environment
source /zhome/44/2/213836/myenv/bin/activate

# Run the Python script
python3 train.py --num_epochs 20 --model_name "UNet"
python3 train.py --num_epochs 20 --model_name "Simple"
python3 train.py --num_epochs 20 --model_name "Pretrained"

------------------------------------------------------------

Successfully completed.

Resource usage summary:

    CPU time :                                   11956.00 sec.
    Max Memory :                                 1355 MB
    Average Memory :                             1276.74 MB
    Total Requested Memory :                     32768.00 MB
    Delta Memory :                               31413.00 MB
    Max Swap :                                   -
    Max Processes :                              4
    Max Threads :                                10
    Run time :                                   12233 sec.
    Turnaround time :                            12248 sec.

The output (if any) is above this job summary.



PS:

Read file <train_seg_model_23327785.err> for stderr output of this job.

